[debug] [2019-01-21T20:14:12.386Z] ----------------------------------------------------------------------
[debug] [2019-01-21T20:14:12.388Z] Command:       /usr/local/Cellar/node/10.11.0/bin/node /usr/local/bin/firebase deploy
[debug] [2019-01-21T20:14:12.388Z] CLI Version:   6.3.0
[debug] [2019-01-21T20:14:12.388Z] Platform:      darwin
[debug] [2019-01-21T20:14:12.388Z] Node Version:  v10.11.0
[debug] [2019-01-21T20:14:12.389Z] Time:          Mon Jan 21 2019 21:14:12 GMT+0100 (Central European Standard Time)
[debug] [2019-01-21T20:14:12.389Z] ----------------------------------------------------------------------
[debug] 
[debug] [2019-01-21T20:14:12.397Z] > command requires scopes: ["email","openid","https://www.googleapis.com/auth/cloudplatformprojects.readonly","https://www.googleapis.com/auth/firebase","https://www.googleapis.com/auth/cloud-platform"]
[debug] [2019-01-21T20:14:12.397Z] > authorizing via signed-in user
[debug] [2019-01-21T20:14:12.397Z] [iam] checking project whcg-a1964 for permissions ["cloudfunctions.functions.create","cloudfunctions.functions.delete","cloudfunctions.functions.get","cloudfunctions.functions.list","cloudfunctions.functions.update","cloudfunctions.operations.get","firebase.projects.get","firebasehosting.sites.update"]
[debug] [2019-01-21T20:14:12.399Z] >>> HTTP REQUEST POST https://cloudresourcemanager.googleapis.com/v1/projects/whcg-a1964:testIamPermissions  

[debug] [2019-01-21T20:14:13.389Z] <<< HTTP RESPONSE 200
[debug] [2019-01-21T20:14:13.391Z] >>> HTTP REQUEST GET https://firebase.googleapis.com/v1beta1/projects/whcg-a1964  
 
[debug] [2019-01-21T20:14:13.742Z] <<< HTTP RESPONSE 200
[info] 
[info] === Deploying to 'whcg-a1964'...
[info] 
[info] i  deploying functions, hosting
[info] Running command: npm --prefix "$RESOURCE_DIR" run lint
[info] ✔  functions: Finished running predeploy script.
[debug] [2019-01-21T20:14:15.905Z] > [functions] package.json contents: {
  "name": "functions",
  "description": "Cloud Functions for Firebase",
  "scripts": {
    "lint": "eslint .",
    "serve": "firebase serve --only functions",
    "shell": "firebase functions:shell",
    "start": "npm run shell",
    "deploy": "firebase deploy --only functions",
    "logs": "firebase functions:log"
  },
  "dependencies": {
    "firebase-admin": "~6.0.0",
    "firebase-functions": "^2.1.0"
  },
  "devDependencies": {
    "eslint": "^5.12.0",
    "eslint-plugin-promise": "^4.0.1"
  },
  "private": true
}
[info] i  functions: ensuring necessary APIs are enabled...
[debug] [2019-01-21T20:14:15.906Z] >>> HTTP REQUEST GET https://servicemanagement.googleapis.com/v1/services/cloudfunctions.googleapis.com/projectSettings/whcg-a1964?view=CONSUMER_VIEW  
 
[debug] [2019-01-21T20:14:15.906Z] >>> HTTP REQUEST GET https://servicemanagement.googleapis.com/v1/services/runtimeconfig.googleapis.com/projectSettings/whcg-a1964?view=CONSUMER_VIEW  
 
[debug] [2019-01-21T20:14:17.277Z] <<< HTTP RESPONSE 200
[info] ✔  functions: all necessary APIs are enabled
[debug] [2019-01-21T20:14:17.339Z] <<< HTTP RESPONSE 200
[debug] [2019-01-21T20:14:17.340Z] >>> HTTP REQUEST GET https://cloudresourcemanager.googleapis.com/v1/projects/whcg-a1964  
 
